cultraview/NewSettings/timeAndDate/build/intermediates/manifest_merge_blame_file/debug/manifest-merger-blame-debug-report.txt
1<?xml version="1.0" encoding="utf-8"?>
2<manifest xmlns:android="http://schemas.android.com/apk/res/android"
3    package="com.ctv.settings.timeanddate"
4    android:sharedUserId="android.uid.system"
5    android:versionCode="1"
6    android:versionName="1.0" >
7
8    <uses-sdk
9        android:minSdkVersion="23"
9-->src/main/AndroidManifest.xml
10        android:targetSdkVersion="28" />
10-->src/main/AndroidManifest.xml
11
12    <uses-permission android:name="android.permission.WRITE_SETTINGS" />
12-->src/main/AndroidManifest.xml:4:5-73
12-->src/main/AndroidManifest.xml:4:22-70
13    <uses-permission android:name="android.permission.WRITE_SECURE_SETTINGS" />
13-->src/main/AndroidManifest.xml:5:5-80
13-->src/main/AndroidManifest.xml:5:22-77
14    <uses-permission android:name="android.permission.INTERNET" />
14-->src/main/AndroidManifest.xml:6:5-67
14-->src/main/AndroidManifest.xml:6:22-64
15    <uses-permission android:name="android.permission.SET_TIME_ZONE" />
15-->src/main/AndroidManifest.xml:7:5-72
15-->src/main/AndroidManifest.xml:7:22-69
16    <uses-permission android:name="android.permission.RECEIVE_BOOT_COMPLETED" />
16-->src/main/AndroidManifest.xml:8:5-81
16-->src/main/AndroidManifest.xml:8:22-78
17
18    <application
18-->src/main/AndroidManifest.xml:10:5-36:19
19        android:allowBackup="true"
19-->src/main/AndroidManifest.xml:11:13-39
20        android:excludeFromRecents="true"
20-->src/main/AndroidManifest.xml:16:13-46
21        android:icon="@mipmap/ic_launcher"
21-->src/main/AndroidManifest.xml:12:13-47
22        android:label="@string/app_name"
22-->src/main/AndroidManifest.xml:13:13-45
23        android:roundIcon="@mipmap/ic_launcher_round"
23-->src/main/AndroidManifest.xml:14:13-58
24        android:supportsRtl="true"
24-->src/main/AndroidManifest.xml:15:13-39
25        android:theme="@style/AppTheme.NoActionBar" >
25-->src/main/AndroidManifest.xml:17:13-56
26        <activity android:name="com.ctv.settings.timeanddate.activity.TimeZoneActivity" >
26-->src/main/AndroidManifest.xml:18:9-19:20
26-->src/main/AndroidManifest.xml:18:19-60
27        </activity>
28        <activity android:name="com.ctv.settings.timeanddate.activity.DateFormatActivity" >
28-->src/main/AndroidManifest.xml:20:9-21:20
28-->src/main/AndroidManifest.xml:20:19-62
29        </activity>
30        <activity android:name="com.ctv.settings.timeanddate.activity.AutoShutdownActivity" >
30-->src/main/AndroidManifest.xml:22:9-23:20
30-->src/main/AndroidManifest.xml:22:19-64
31        </activity>
32        <activity android:name="com.ctv.settings.timeanddate.activity.AutoBootupActivity" >
32-->src/main/AndroidManifest.xml:24:9-25:20
32-->src/main/AndroidManifest.xml:24:19-62
33        </activity>
34        <activity android:name="com.ctv.settings.timeanddate.activity.DateAndTimeSettingActivity" />
34-->src/main/AndroidManifest.xml:26:9-73
34-->src/main/AndroidManifest.xml:26:19-70
35
36        <receiver
36-->src/main/AndroidManifest.xml:28:9-35:20
37            android:name="com.ctv.settings.timeanddate.receiver.BootupReceiver"
37-->src/main/AndroidManifest.xml:28:19-58
38            android:enabled="true"
38-->src/main/AndroidManifest.xml:29:19-41
39            android:exported="true" >
39-->src/main/AndroidManifest.xml:30:19-42
40            <intent-filter android:priority="2147483647" >
40-->src/main/AndroidManifest.xml:31:13-34:29
40-->src/main/AndroidManifest.xml:31:28-57
41                <action android:name="android.intent.action.BOOT_COMPLETED" />
41-->src/main/AndroidManifest.xml:32:17-78
41-->src/main/AndroidManifest.xml:32:25-76
42
43                <category android:name="android.intent.category.LAUNCHER" />
43-->src/main/AndroidManifest.xml:33:17-76
43-->src/main/AndroidManifest.xml:33:27-74
44            </intent-filter>
45        </receiver>
46    </application>
47
48</manifest>